TEST WITH 1 CORE
STARTING AT jeu oct 4 08:58:42 CEST 2018
- Using 1 threads: pi = 3.14187056 computed in 2.006s.
- Using 1 threads: pi = 3.14187056 computed in 2.006s.
- Using 1 threads: pi = 3.14187056 computed in 1.996s.
- Using 1 threads: pi = 3.14187056 computed in 2.035s.
- Using 1 threads: pi = 3.14187056 computed in 2.02s.
- Using 1 threads: pi = 3.14187056 computed in 2.023s.
- Using 1 threads: pi = 3.14187056 computed in 2.023s.
- Using 1 threads: pi = 3.14187056 computed in 2.034s.
- Using 1 threads: pi = 3.14187056 computed in 2.012s.
- Using 1 threads: pi = 3.14187056 computed in 2.029s.
- Using 1 threads: pi = 3.14187056 computed in 2.031s.
- Using 1 threads: pi = 3.14187056 computed in 2.017s.
- Using 1 threads: pi = 3.14187056 computed in 2.035s.
- Using 1 threads: pi = 3.14187056 computed in 2.014s.
- Using 1 threads: pi = 3.14187056 computed in 2.017s.
- Using 1 threads: pi = 3.14187056 computed in 2.025s.
- Using 1 threads: pi = 3.14187056 computed in 2.016s.
- Using 1 threads: pi = 3.14187056 computed in 2.013s.
- Using 1 threads: pi = 3.14187056 computed in 2.014s.
- Using 1 threads: pi = 3.14187056 computed in 2.018s.
- Using 1 threads: pi = 3.14187056 computed in 2.003s.
- Using 1 threads: pi = 3.14187056 computed in 2.041s.
- Using 1 threads: pi = 3.14187056 computed in 2.022s.
- Using 1 threads: pi = 3.14187056 computed in 2.019s.
- Using 1 threads: pi = 3.14187056 computed in 2.013s.
- Using 1 threads: pi = 3.14187056 computed in 2.025s.
- Using 1 threads: pi = 3.14187056 computed in 2.024s.
- Using 1 threads: pi = 3.14187056 computed in 2.014s.
- Using 1 threads: pi = 3.14187056 computed in 2.024s.
- Using 1 threads: pi = 3.14187056 computed in 2.073s.
- Using 1 threads: pi = 3.14187056 computed in 2.142s.
- Using 1 threads: pi = 3.14187056 computed in 2.136s.
- Using 1 threads: pi = 3.14187056 computed in 2.135s.
- Using 1 threads: pi = 3.14187056 computed in 2.147s.
- Using 1 threads: pi = 3.14187056 computed in 2.134s.
- Using 1 threads: pi = 3.14187056 computed in 2.138s.
- Using 1 threads: pi = 3.14187056 computed in 2.137s.
- Using 1 threads: pi = 3.14187056 computed in 2.142s.
- Using 1 threads: pi = 3.14187056 computed in 2.139s.
- Using 1 threads: pi = 3.14187056 computed in 2.135s.
- Using 1 threads: pi = 3.14187056 computed in 2.127s.
- Using 1 threads: pi = 3.14187056 computed in 2.133s.
- Using 1 threads: pi = 3.14187056 computed in 2.13s.
- Using 1 threads: pi = 3.14187056 computed in 2.141s.
- Using 1 threads: pi = 3.14187056 computed in 2.126s.
- Using 1 threads: pi = 3.14187056 computed in 2.124s.
- Using 1 threads: pi = 3.14187056 computed in 2.122s.
- Using 1 threads: pi = 3.14187056 computed in 2.135s.
- Using 1 threads: pi = 3.14187056 computed in 2.125s.
- Using 1 threads: pi = 3.14187056 computed in 2.127s.
- Using 1 threads: pi = 3.14187056 computed in 2.132s.
- Using 1 threads: pi = 3.14187056 computed in 2.127s.
- Using 1 threads: pi = 3.14187056 computed in 2.13s.
- Using 1 threads: pi = 3.14187056 computed in 2.136s.
- Using 1 threads: pi = 3.14187056 computed in 2.11s.
- Using 1 threads: pi = 3.14187056 computed in 2.125s.
- Using 1 threads: pi = 3.14187056 computed in 2.133s.
- Using 1 threads: pi = 3.14187056 computed in 2.127s.
- Using 1 threads: pi = 3.14187056 computed in 2.12s.
- Using 1 threads: pi = 3.14187056 computed in 2.127s.
- Using 1 threads: pi = 3.14187056 computed in 2.122s.
- Using 1 threads: pi = 3.14187056 computed in 2.139s.
- Using 1 threads: pi = 3.14187056 computed in 2.121s.
- Using 1 threads: pi = 3.14187056 computed in 2.122s.
- Using 1 threads: pi = 3.14187056 computed in 2.136s.
- Using 1 threads: pi = 3.14187056 computed in 2.151s.
- Using 1 threads: pi = 3.14187056 computed in 2.145s.
- Using 1 threads: pi = 3.14187056 computed in 2.134s.
- Using 1 threads: pi = 3.14187056 computed in 2.125s.
- Using 1 threads: pi = 3.14187056 computed in 2.133s.
- Using 1 threads: pi = 3.14187056 computed in 2.136s.
- Using 1 threads: pi = 3.14187056 computed in 2.133s.
- Using 1 threads: pi = 3.14187056 computed in 2.138s.
- Using 1 threads: pi = 3.14187056 computed in 2.263s.
- Using 1 threads: pi = 3.14187056 computed in 2.136s.
- Using 1 threads: pi = 3.14187056 computed in 2.154s.
- Using 1 threads: pi = 3.14187056 computed in 2.142s.
- Using 1 threads: pi = 3.14187056 computed in 2.139s.
- Using 1 threads: pi = 3.14187056 computed in 2.152s.
- Using 1 threads: pi = 3.14187056 computed in 2.126s.
- Using 1 threads: pi = 3.14187056 computed in 2.035s.
- Using 1 threads: pi = 3.14187056 computed in 1.99s.
- Using 1 threads: pi = 3.14187056 computed in 2.002s.
- Using 1 threads: pi = 3.14187056 computed in 2.008s.
- Using 1 threads: pi = 3.14187056 computed in 2.023s.
- Using 1 threads: pi = 3.14187056 computed in 2.042s.
- Using 1 threads: pi = 3.14187056 computed in 2.023s.
- Using 1 threads: pi = 3.14187056 computed in 2.014s.
- Using 1 threads: pi = 3.14187056 computed in 2.019s.
- Using 1 threads: pi = 3.14187056 computed in 2.019s.
- Using 1 threads: pi = 3.14187056 computed in 2.021s.
- Using 1 threads: pi = 3.14187056 computed in 2.058s.
- Using 1 threads: pi = 3.14187056 computed in 2.015s.
- Using 1 threads: pi = 3.14187056 computed in 2.03s.
- Using 1 threads: pi = 3.14187056 computed in 2.02s.
- Using 1 threads: pi = 3.14187056 computed in 2.021s.
- Using 1 threads: pi = 3.14187056 computed in 2.016s.
- Using 1 threads: pi = 3.14187056 computed in 2.019s.
- Using 1 threads: pi = 3.14187056 computed in 2.054s.
- Using 1 threads: pi = 3.14187056 computed in 2.018s.
FINISHED AT jeu oct 4 09:02:11 CEST 2018


moyenne = 2.07878s
