TEST WITH 2 CORES
STARTING AT jeu oct 4 08:59:42 CEST 2018
- Using 2 threads: pi = 3.14195592 computed in 1.067s.
- Using 2 threads: pi = 3.14195592 computed in 1.07s.
- Using 2 threads: pi = 3.14195592 computed in 1.069s.
- Using 2 threads: pi = 3.14195592 computed in 1.126s.
- Using 2 threads: pi = 3.14195592 computed in 1.068s.
- Using 2 threads: pi = 3.14195592 computed in 1.069s.
- Using 2 threads: pi = 3.14195592 computed in 1.07s.
- Using 2 threads: pi = 3.14195592 computed in 1.072s.
- Using 2 threads: pi = 3.14195592 computed in 1.072s.
- Using 2 threads: pi = 3.14195592 computed in 1.073s.
- Using 2 threads: pi = 3.14195592 computed in 1.07s.
- Using 2 threads: pi = 3.14195592 computed in 1.07s.
- Using 2 threads: pi = 3.14195592 computed in 1.068s.
- Using 2 threads: pi = 3.14195592 computed in 1.072s.
- Using 2 threads: pi = 3.14195592 computed in 1.068s.
- Using 2 threads: pi = 3.14195592 computed in 1.069s.
- Using 2 threads: pi = 3.14195592 computed in 1.071s.
- Using 2 threads: pi = 3.14195592 computed in 1.075s.
- Using 2 threads: pi = 3.14195592 computed in 1.073s.
- Using 2 threads: pi = 3.14195592 computed in 1.07s.
- Using 2 threads: pi = 3.14195592 computed in 1.071s.
- Using 2 threads: pi = 3.14195592 computed in 1.064s.
- Using 2 threads: pi = 3.14195592 computed in 1.065s.
- Using 2 threads: pi = 3.14195592 computed in 1.066s.
- Using 2 threads: pi = 3.14195592 computed in 1.066s.
- Using 2 threads: pi = 3.14195592 computed in 1.069s.
- Using 2 threads: pi = 3.14195592 computed in 1.069s.
- Using 2 threads: pi = 3.14195592 computed in 1.07s.
- Using 2 threads: pi = 3.14195592 computed in 1.066s.
- Using 2 threads: pi = 3.14195592 computed in 1.065s.
- Using 2 threads: pi = 3.14195592 computed in 1.062s.
- Using 2 threads: pi = 3.14195592 computed in 1.064s.
- Using 2 threads: pi = 3.14195592 computed in 1.063s.
- Using 2 threads: pi = 3.14195592 computed in 1.064s.
- Using 2 threads: pi = 3.14195592 computed in 1.091s.
- Using 2 threads: pi = 3.14195592 computed in 1.065s.
- Using 2 threads: pi = 3.14195592 computed in 1.064s.
- Using 2 threads: pi = 3.14195592 computed in 1.066s.
- Using 2 threads: pi = 3.14195592 computed in 1.069s.
- Using 2 threads: pi = 3.14195592 computed in 1.062s.
- Using 2 threads: pi = 3.14195592 computed in 1.073s.
- Using 2 threads: pi = 3.14195592 computed in 1.066s.
- Using 2 threads: pi = 3.14195592 computed in 1.064s.
- Using 2 threads: pi = 3.14195592 computed in 1.066s.
- Using 2 threads: pi = 3.14195592 computed in 1.073s.
- Using 2 threads: pi = 3.14195592 computed in 1.066s.
- Using 2 threads: pi = 3.14195592 computed in 1.064s.
- Using 2 threads: pi = 3.14195592 computed in 1.061s.
- Using 2 threads: pi = 3.14195592 computed in 1.168s.
- Using 2 threads: pi = 3.1415834 computed in 1.062s.
- Using 2 threads: pi = 3.14195592 computed in 1.062s.
- Using 2 threads: pi = 3.14195592 computed in 1.067s.
- Using 2 threads: pi = 3.14195592 computed in 1.065s.
- Using 2 threads: pi = 3.14195592 computed in 1.069s.
- Using 2 threads: pi = 3.14195592 computed in 1.072s.
- Using 2 threads: pi = 3.14195592 computed in 1.065s.
- Using 2 threads: pi = 3.14195592 computed in 1.064s.
- Using 2 threads: pi = 3.14195592 computed in 1.06s.
- Using 2 threads: pi = 3.14195592 computed in 1.067s.
- Using 2 threads: pi = 3.14195592 computed in 1.064s.
- Using 2 threads: pi = 3.14195592 computed in 1.065s.
- Using 2 threads: pi = 3.14195592 computed in 1.065s.
- Using 2 threads: pi = 3.14195592 computed in 1.067s.
- Using 2 threads: pi = 3.14195592 computed in 1.064s.
- Using 2 threads: pi = 3.14195592 computed in 1.07s.
- Using 2 threads: pi = 3.14195592 computed in 1.063s.
- Using 2 threads: pi = 3.14195592 computed in 1.062s.
- Using 2 threads: pi = 3.14195592 computed in 1.064s.
- Using 2 threads: pi = 3.14195592 computed in 1.065s.
- Using 2 threads: pi = 3.14195592 computed in 1.067s.
- Using 2 threads: pi = 3.14195592 computed in 1.073s.
- Using 2 threads: pi = 3.14195592 computed in 1.075s.
- Using 2 threads: pi = 3.14195592 computed in 1.078s.
- Using 2 threads: pi = 3.14195592 computed in 1.076s.
- Using 2 threads: pi = 3.14195592 computed in 1.073s.
- Using 2 threads: pi = 3.14195592 computed in 1.068s.
- Using 2 threads: pi = 3.14195592 computed in 1.171s.
- Using 2 threads: pi = 3.14195592 computed in 1.074s.
- Using 2 threads: pi = 3.14195592 computed in 1.066s.
- Using 2 threads: pi = 3.14195592 computed in 1.068s.
- Using 2 threads: pi = 3.14195592 computed in 1.067s.
- Using 2 threads: pi = 3.14195592 computed in 1.322s.
- Using 2 threads: pi = 3.14195592 computed in 1.07s.
- Using 2 threads: pi = 3.14195592 computed in 1.067s.
- Using 2 threads: pi = 3.14195592 computed in 1.067s.
- Using 2 threads: pi = 3.14195592 computed in 1.07s.
- Using 2 threads: pi = 3.14195592 computed in 1.07s.
- Using 2 threads: pi = 3.14195592 computed in 1.073s.
- Using 2 threads: pi = 3.14195592 computed in 1.131s.
- Using 2 threads: pi = 3.14175964 computed in 1.066s.
- Using 2 threads: pi = 3.14195592 computed in 1.077s.
- Using 2 threads: pi = 3.14195592 computed in 1.075s.
- Using 2 threads: pi = 3.14195592 computed in 1.073s.
- Using 2 threads: pi = 3.14195592 computed in 1.072s.
- Using 2 threads: pi = 3.14195592 computed in 1.068s.
- Using 2 threads: pi = 3.14195592 computed in 1.071s.
- Using 2 threads: pi = 3.14195592 computed in 1.075s.
- Using 2 threads: pi = 3.14195592 computed in 1.073s.
- Using 2 threads: pi = 3.14195592 computed in 1.065s.
- Using 2 threads: pi = 3.14195592 computed in 1.069s.
FINISHED AT jeu oct 4 09:01:30 CEST 2018

moyenne = 1.07974s