TEST WITH 16 CORES
STARTING AT jeu oct 4 09:00:55 CEST 2018
- Using 16 threads: pi = 3.14149096 computed in 0.1397s.
- Using 16 threads: pi = 3.14149096 computed in 0.1385s.
- Using 16 threads: pi = 3.14149096 computed in 0.1385s.
- Using 16 threads: pi = 3.14149096 computed in 0.1378s.
- Using 16 threads: pi = 3.14149096 computed in 0.1373s.
- Using 16 threads: pi = 3.14149096 computed in 0.1369s.
- Using 16 threads: pi = 3.14149096 computed in 0.1487s.
- Using 16 threads: pi = 3.14149096 computed in 0.1367s.
- Using 16 threads: pi = 3.14149096 computed in 0.1394s.
- Using 16 threads: pi = 3.14149096 computed in 0.1529s.
- Using 16 threads: pi = 3.14149096 computed in 0.1373s.
- Using 16 threads: pi = 3.14149096 computed in 0.1387s.
- Using 16 threads: pi = 3.14149096 computed in 0.1451s.
- Using 16 threads: pi = 3.14149096 computed in 0.161s.
- Using 16 threads: pi = 3.14149096 computed in 0.1744s.
- Using 16 threads: pi = 3.14149096 computed in 0.1404s.
- Using 16 threads: pi = 3.14149096 computed in 0.137s.
- Using 16 threads: pi = 3.14149096 computed in 0.1379s.
- Using 16 threads: pi = 3.14149096 computed in 0.1426s.
- Using 16 threads: pi = 3.14149096 computed in 0.1699s.
- Using 16 threads: pi = 3.14149096 computed in 0.1369s.
- Using 16 threads: pi = 3.14149096 computed in 0.1379s.
- Using 16 threads: pi = 3.14149096 computed in 0.1409s.
- Using 16 threads: pi = 3.14149096 computed in 0.1395s.
- Using 16 threads: pi = 3.14149096 computed in 0.1394s.
- Using 16 threads: pi = 3.14149096 computed in 0.137s.
- Using 16 threads: pi = 3.14149096 computed in 0.1541s.
- Using 16 threads: pi = 3.14149096 computed in 0.1541s.
- Using 16 threads: pi = 3.14149096 computed in 0.1414s.
- Using 16 threads: pi = 3.14149096 computed in 0.1541s.
- Using 16 threads: pi = 3.14149096 computed in 0.1696s.
- Using 16 threads: pi = 3.14152052 computed in 0.1379s.
- Using 16 threads: pi = 3.14149096 computed in 0.141s.
- Using 16 threads: pi = 3.14149096 computed in 0.1371s.
- Using 16 threads: pi = 3.14149096 computed in 0.1432s.
- Using 16 threads: pi = 3.14149096 computed in 0.1383s.
- Using 16 threads: pi = 3.14149096 computed in 0.1412s.
- Using 16 threads: pi = 3.14149096 computed in 0.1737s.
- Using 16 threads: pi = 3.14149096 computed in 0.1407s.
- Using 16 threads: pi = 3.14149096 computed in 0.1654s.
- Using 16 threads: pi = 3.14149096 computed in 0.1369s.
- Using 16 threads: pi = 3.14149096 computed in 0.1431s.
- Using 16 threads: pi = 3.14149096 computed in 0.1393s.
- Using 16 threads: pi = 3.14149096 computed in 0.138s.
- Using 16 threads: pi = 3.14149096 computed in 0.1446s.
- Using 16 threads: pi = 3.14149096 computed in 0.1428s.
- Using 16 threads: pi = 3.14149096 computed in 0.1529s.
- Using 16 threads: pi = 3.14149096 computed in 0.1369s.
- Using 16 threads: pi = 3.14149096 computed in 0.1696s.
- Using 16 threads: pi = 3.14149096 computed in 0.1387s.
- Using 16 threads: pi = 3.14149096 computed in 0.1374s.
- Using 16 threads: pi = 3.14149096 computed in 0.1762s.
- Using 16 threads: pi = 3.14149096 computed in 0.1382s.
- Using 16 threads: pi = 3.14149096 computed in 0.14s.
- Using 16 threads: pi = 3.14149096 computed in 0.1377s.
- Using 16 threads: pi = 3.14149096 computed in 0.1446s.
- Using 16 threads: pi = 3.14149096 computed in 0.1427s.
- Using 16 threads: pi = 3.14149096 computed in 0.1783s.
- Using 16 threads: pi = 3.14149096 computed in 0.1444s.
- Using 16 threads: pi = 3.14149096 computed in 0.1631s.
- Using 16 threads: pi = 3.14149096 computed in 0.1664s.
- Using 16 threads: pi = 3.14149096 computed in 0.1379s.
- Using 16 threads: pi = 3.14149096 computed in 0.1411s.
- Using 16 threads: pi = 3.14149096 computed in 0.1371s.
- Using 16 threads: pi = 3.14149096 computed in 0.1463s.
- Using 16 threads: pi = 3.14149096 computed in 0.1388s.
- Using 16 threads: pi = 3.14149096 computed in 0.1437s.
- Using 16 threads: pi = 3.14149096 computed in 0.1451s.
- Using 16 threads: pi = 3.14149096 computed in 0.1468s.
- Using 16 threads: pi = 3.14149096 computed in 0.1391s.
- Using 16 threads: pi = 3.14149096 computed in 0.1429s.
- Using 16 threads: pi = 3.14149096 computed in 0.1483s.
- Using 16 threads: pi = 3.14149096 computed in 0.1379s.
- Using 16 threads: pi = 3.14149096 computed in 0.1378s.
- Using 16 threads: pi = 3.14149096 computed in 0.1374s.
- Using 16 threads: pi = 3.14149096 computed in 0.1378s.
- Using 16 threads: pi = 3.14149096 computed in 0.1369s.
- Using 16 threads: pi = 3.14151256 computed in 0.1378s.
- Using 16 threads: pi = 3.14149096 computed in 0.1375s.
- Using 16 threads: pi = 3.14149096 computed in 0.1371s.
- Using 16 threads: pi = 3.14149096 computed in 0.1368s.
- Using 16 threads: pi = 3.14149096 computed in 0.141s.
- Using 16 threads: pi = 3.14149096 computed in 0.1379s.
- Using 16 threads: pi = 3.14149096 computed in 0.1382s.
- Using 16 threads: pi = 3.14149096 computed in 0.1449s.
- Using 16 threads: pi = 3.14149096 computed in 0.1423s.
- Using 16 threads: pi = 3.14149096 computed in 0.1371s.
- Using 16 threads: pi = 3.14149096 computed in 0.1368s.
- Using 16 threads: pi = 3.14149096 computed in 0.1472s.
- Using 16 threads: pi = 3.14149096 computed in 0.1369s.
- Using 16 threads: pi = 3.14149096 computed in 0.1395s.
- Using 16 threads: pi = 3.14149096 computed in 0.1516s.
- Using 16 threads: pi = 3.14149096 computed in 0.1676s.
- Using 16 threads: pi = 3.14149096 computed in 0.1662s.
- Using 16 threads: pi = 3.14149096 computed in 0.1386s.
- Using 16 threads: pi = 3.14149096 computed in 0.1497s.
- Using 16 threads: pi = 3.14149096 computed in 0.1395s.
- Using 16 threads: pi = 3.14149096 computed in 0.143s.
- Using 16 threads: pi = 3.14149096 computed in 0.1415s.
- Using 16 threads: pi = 3.14149096 computed in 0.1375s.
FINISHED AT jeu oct 4 09:01:10 CEST 2018

moyenne = 0.144717172s
