TEST WITH 4 CORES
STARTING AT jeu oct 4 09:00:05 CEST 2018
- Using 4 threads: pi = 3.14174212 computed in 0.5332s.
- Using 4 threads: pi = 3.14174212 computed in 0.5306s.
- Using 4 threads: pi = 3.14174212 computed in 0.5261s.
- Using 4 threads: pi = 3.14174212 computed in 0.5282s.
- Using 4 threads: pi = 3.14174212 computed in 0.5299s.
- Using 4 threads: pi = 3.14174212 computed in 0.5267s.
- Using 4 threads: pi = 3.14174212 computed in 0.5262s.
- Using 4 threads: pi = 3.14174212 computed in 0.5266s.
- Using 4 threads: pi = 3.14174212 computed in 0.526s.
- Using 4 threads: pi = 3.14174212 computed in 0.5322s.
- Using 4 threads: pi = 3.14174212 computed in 0.528s.
- Using 4 threads: pi = 3.14174212 computed in 0.5261s.
- Using 4 threads: pi = 3.14174212 computed in 0.5254s.
- Using 4 threads: pi = 3.14174212 computed in 0.5306s.
- Using 4 threads: pi = 3.14174212 computed in 0.5266s.
- Using 4 threads: pi = 3.14174212 computed in 0.5255s.
- Using 4 threads: pi = 3.14174212 computed in 0.5259s.
- Using 4 threads: pi = 3.14174212 computed in 0.5293s.
- Using 4 threads: pi = 3.14174212 computed in 0.5258s.
- Using 4 threads: pi = 3.14154704 computed in 0.5272s.
- Using 4 threads: pi = 3.14174212 computed in 0.5261s.
- Using 4 threads: pi = 3.14174212 computed in 0.53s.
- Using 4 threads: pi = 3.14174212 computed in 0.5312s.
- Using 4 threads: pi = 3.14174212 computed in 0.7149s.
- Using 4 threads: pi = 3.14174212 computed in 0.5265s.
- Using 4 threads: pi = 3.14174212 computed in 0.5293s.
- Using 4 threads: pi = 3.14174212 computed in 0.5259s.
- Using 4 threads: pi = 3.14174212 computed in 0.5267s.
- Using 4 threads: pi = 3.14174212 computed in 0.5312s.
- Using 4 threads: pi = 3.14174212 computed in 0.5303s.
- Using 4 threads: pi = 3.14174212 computed in 0.5262s.
- Using 4 threads: pi = 3.14174212 computed in 0.5345s.
- Using 4 threads: pi = 3.14174212 computed in 0.526s.
- Using 4 threads: pi = 3.14174212 computed in 0.5267s.
- Using 4 threads: pi = 3.14174212 computed in 0.5261s.
- Using 4 threads: pi = 3.14174212 computed in 0.5264s.
- Using 4 threads: pi = 3.14174212 computed in 0.5259s.
- Using 4 threads: pi = 3.14174212 computed in 0.5266s.
- Using 4 threads: pi = 3.14174212 computed in 0.526s.
- Using 4 threads: pi = 3.14174212 computed in 0.5268s.
- Using 4 threads: pi = 3.14174212 computed in 0.527s.
- Using 4 threads: pi = 3.14174212 computed in 0.5326s.
- Using 4 threads: pi = 3.14174212 computed in 0.5267s.
- Using 4 threads: pi = 3.14174212 computed in 0.528s.
- Using 4 threads: pi = 3.14174212 computed in 0.5303s.
- Using 4 threads: pi = 3.14174212 computed in 0.5267s.
- Using 4 threads: pi = 3.14174212 computed in 0.5263s.
- Using 4 threads: pi = 3.14174212 computed in 0.542s.
- Using 4 threads: pi = 3.14174212 computed in 0.5468s.
- Using 4 threads: pi = 3.14174212 computed in 0.5431s.
- Using 4 threads: pi = 3.14174212 computed in 0.532s.
- Using 4 threads: pi = 3.14174212 computed in 0.5275s.
- Using 4 threads: pi = 3.14174212 computed in 0.5254s.
- Using 4 threads: pi = 3.14174212 computed in 0.5257s.
- Using 4 threads: pi = 3.14174212 computed in 0.6423s.
- Using 4 threads: pi = 3.14174212 computed in 0.5275s.
- Using 4 threads: pi = 3.14174212 computed in 0.5274s.
- Using 4 threads: pi = 3.14174212 computed in 0.5331s.
- Using 4 threads: pi = 3.14174212 computed in 0.5259s.
- Using 4 threads: pi = 3.14174212 computed in 0.5314s.
- Using 4 threads: pi = 3.14174212 computed in 0.5263s.
- Using 4 threads: pi = 3.14174212 computed in 0.5302s.
- Using 4 threads: pi = 3.14174212 computed in 0.5257s.
- Using 4 threads: pi = 3.14174212 computed in 0.5402s.
- Using 4 threads: pi = 3.14174212 computed in 0.5261s.
- Using 4 threads: pi = 3.14174212 computed in 0.5288s.
- Using 4 threads: pi = 3.14174212 computed in 0.5292s.
- Using 4 threads: pi = 3.14174212 computed in 0.5252s.
- Using 4 threads: pi = 3.14163004 computed in 0.5258s.
- Using 4 threads: pi = 3.14174212 computed in 0.5269s.
- Using 4 threads: pi = 3.14174212 computed in 0.5341s.
- Using 4 threads: pi = 3.14174212 computed in 0.5264s.
- Using 4 threads: pi = 3.14174212 computed in 0.5258s.
- Using 4 threads: pi = 3.14174212 computed in 0.5322s.
- Using 4 threads: pi = 3.14174212 computed in 0.5257s.
- Using 4 threads: pi = 3.14174212 computed in 0.5266s.
- Using 4 threads: pi = 3.14174212 computed in 0.5286s.
- Using 4 threads: pi = 3.14174212 computed in 0.5407s.
- Using 4 threads: pi = 3.14174212 computed in 0.5307s.
- Using 4 threads: pi = 3.14174212 computed in 0.5257s.
- Using 4 threads: pi = 3.14174212 computed in 0.5296s.
- Using 4 threads: pi = 3.14174212 computed in 0.5259s.
- Using 4 threads: pi = 3.14174212 computed in 0.5294s.
- Using 4 threads: pi = 3.14174212 computed in 0.5267s.
- Using 4 threads: pi = 3.14174212 computed in 0.5313s.
- Using 4 threads: pi = 3.14174212 computed in 0.5258s.
- Using 4 threads: pi = 3.14174212 computed in 0.5766s.
- Using 4 threads: pi = 3.14174212 computed in 0.5258s.
- Using 4 threads: pi = 3.14174212 computed in 0.5257s.
- Using 4 threads: pi = 3.14174212 computed in 0.5252s.
- Using 4 threads: pi = 3.14174212 computed in 0.5254s.
- Using 4 threads: pi = 3.14174212 computed in 0.5308s.
- Using 4 threads: pi = 3.14174212 computed in 0.5255s.
- Using 4 threads: pi = 3.14174212 computed in 0.5266s.
- Using 4 threads: pi = 3.14174212 computed in 0.5263s.
- Using 4 threads: pi = 3.14174212 computed in 0.5301s.
- Using 4 threads: pi = 3.14174212 computed in 0.5259s.
- Using 4 threads: pi = 3.14174212 computed in 0.5334s.
- Using 4 threads: pi = 3.14174212 computed in 0.5254s.
- Using 4 threads: pi = 3.14174212 computed in 0.5267s.
FINISHED AT jeu oct 4 09:00:58 CEST 2018

moyenne = 0.532061s
