TEST WITH 8 CORES
STARTING AT jeu oct 4 09:13:24 CEST 2018
- Using 8 threads: pi = 3.14155384 computed in 0.3945s.
- Using 8 threads: pi = 3.14155384 computed in 0.4682s.
- Using 8 threads: pi = 3.14155384 computed in 0.3955s.
- Using 8 threads: pi = 3.14155384 computed in 0.5394s.
- Using 8 threads: pi = 3.14155384 computed in 0.2742s.
- Using 8 threads: pi = 3.14155384 computed in 0.479s.
- Using 8 threads: pi = 3.14155384 computed in 0.4749s.
- Using 8 threads: pi = 3.14155384 computed in 0.4729s.
- Using 8 threads: pi = 3.14155384 computed in 0.3109s.
- Using 8 threads: pi = 3.14155384 computed in 0.5346s.
- Using 8 threads: pi = 3.14155384 computed in 0.5309s.
- Using 8 threads: pi = 3.14155384 computed in 0.2728s.
- Using 8 threads: pi = 3.14155384 computed in 0.5373s.
- Using 8 threads: pi = 3.14155384 computed in 0.3258s.
- Using 8 threads: pi = 3.14155384 computed in 0.5394s.
- Using 8 threads: pi = 3.14155384 computed in 0.437s.
- Using 8 threads: pi = 3.14155384 computed in 0.416s.
- Using 8 threads: pi = 3.14155384 computed in 0.4648s.
- Using 8 threads: pi = 3.14155384 computed in 0.5131s.
- Using 8 threads: pi = 3.14155384 computed in 0.4496s.
- Using 8 threads: pi = 3.14155384 computed in 0.3967s.
- Using 8 threads: pi = 3.14155384 computed in 0.4722s.
- Using 8 threads: pi = 3.14155384 computed in 0.4635s.
- Using 8 threads: pi = 3.14155384 computed in 0.5329s.
- Using 8 threads: pi = 3.14155384 computed in 0.4041s.
- Using 8 threads: pi = 3.14155384 computed in 0.534s.
- Using 8 threads: pi = 3.14155384 computed in 0.4767s.
- Using 8 threads: pi = 3.14155384 computed in 0.4313s.
- Using 8 threads: pi = 3.14155384 computed in 0.5031s.
- Using 8 threads: pi = 3.14155384 computed in 0.5722s.
- Using 8 threads: pi = 3.14155384 computed in 0.519s.
- Using 8 threads: pi = 3.14155384 computed in 0.5346s.
- Using 8 threads: pi = 3.14155384 computed in 0.5349s.
- Using 8 threads: pi = 3.14155384 computed in 0.4707s.
- Using 8 threads: pi = 3.14155384 computed in 0.4164s.
- Using 8 threads: pi = 3.14155384 computed in 0.5333s.
- Using 8 threads: pi = 3.14155384 computed in 0.5354s.
- Using 8 threads: pi = 3.14155384 computed in 0.5607s.
- Using 8 threads: pi = 3.14155384 computed in 0.4746s.
- Using 8 threads: pi = 3.14155384 computed in 0.5352s.
- Using 8 threads: pi = 3.14155384 computed in 0.4421s.
- Using 8 threads: pi = 3.14155384 computed in 0.5358s.
- Using 8 threads: pi = 3.14155384 computed in 0.5347s.
- Using 8 threads: pi = 3.14155384 computed in 0.3939s.
- Using 8 threads: pi = 3.14155384 computed in 0.3958s.
- Using 8 threads: pi = 3.14155384 computed in 0.5597s.
- Using 8 threads: pi = 3.14155384 computed in 0.5358s.
- Using 8 threads: pi = 3.14155384 computed in 0.4731s.
- Using 8 threads: pi = 3.14155384 computed in 0.4076s.
- Using 8 threads: pi = 3.14155384 computed in 0.4447s.
- Using 8 threads: pi = 3.14155384 computed in 0.3975s.
- Using 8 threads: pi = 3.14155384 computed in 0.4174s.
- Using 8 threads: pi = 3.14155384 computed in 0.4732s.
- Using 8 threads: pi = 3.14155384 computed in 0.4043s.
- Using 8 threads: pi = 3.14155384 computed in 0.5375s.
- Using 8 threads: pi = 3.14155384 computed in 0.3082s.
- Using 8 threads: pi = 3.14155384 computed in 0.4743s.
- Using 8 threads: pi = 3.14155384 computed in 0.5349s.
- Using 8 threads: pi = 3.14155384 computed in 0.4811s.
- Using 8 threads: pi = 3.14155384 computed in 0.3947s.
- Using 8 threads: pi = 3.14155384 computed in 0.3966s.
- Using 8 threads: pi = 3.14155384 computed in 0.5294s.
- Using 8 threads: pi = 3.14155384 computed in 0.5373s.
- Using 8 threads: pi = 3.14155384 computed in 0.5128s.
- Using 8 threads: pi = 3.14155384 computed in 0.4047s.
- Using 8 threads: pi = 3.14155384 computed in 0.4557s.
- Using 8 threads: pi = 3.14155384 computed in 0.4274s.
- Using 8 threads: pi = 3.14155384 computed in 0.2751s.
- Using 8 threads: pi = 3.14155384 computed in 0.4329s.
- Using 8 threads: pi = 3.14155384 computed in 0.5361s.
- Using 8 threads: pi = 3.14155384 computed in 0.4651s.
- Using 8 threads: pi = 3.14155384 computed in 0.4742s.
- Using 8 threads: pi = 3.14155384 computed in 0.4s.
- Using 8 threads: pi = 3.14155384 computed in 0.4427s.
- Using 8 threads: pi = 3.14155384 computed in 0.4041s.
- Using 8 threads: pi = 3.14155384 computed in 0.4743s.
- Using 8 threads: pi = 3.14155384 computed in 0.3972s.
- Using 8 threads: pi = 3.14155384 computed in 0.4026s.
- Using 8 threads: pi = 3.14155384 computed in 0.3531s.
- Using 8 threads: pi = 3.14155384 computed in 0.5334s.
- Using 8 threads: pi = 3.14155384 computed in 0.4675s.
- Using 8 threads: pi = 3.14155384 computed in 0.396s.
- Using 8 threads: pi = 3.14155384 computed in 0.4154s.
- Using 8 threads: pi = 3.14155384 computed in 0.4021s.
- Using 8 threads: pi = 3.14155384 computed in 0.4714s.
- Using 8 threads: pi = 3.14155384 computed in 0.4724s.
- Using 8 threads: pi = 3.14155384 computed in 0.4731s.
- Using 8 threads: pi = 3.14155384 computed in 0.5341s.
- Using 8 threads: pi = 3.14155384 computed in 0.5328s.
- Using 8 threads: pi = 3.14155384 computed in 0.4754s.
- Using 8 threads: pi = 3.14155384 computed in 0.3998s.
- Using 8 threads: pi = 3.14155384 computed in 0.436s.
- Using 8 threads: pi = 3.14155384 computed in 0.4061s.
- Using 8 threads: pi = 3.14155384 computed in 0.4749s.
- Using 8 threads: pi = 3.14155384 computed in 0.4775s.
- Using 8 threads: pi = 3.14155384 computed in 0.2785s.
- Using 8 threads: pi = 3.14155384 computed in 0.2946s.
- Using 8 threads: pi = 3.14155384 computed in 0.5355s.
- Using 8 threads: pi = 3.14155384 computed in 0.5338s.
- Using 8 threads: pi = 3.14155384 computed in 0.4789s.
FINISHED AT jeu oct 4 09:14:10 CEST 2018

moyenne = 0.456891s
