
0.9591
0.959
0.9588
0.9589
0.9586
0.959
0.959
0.959
0.9589
0.9643
0.9591
1.13
0.959
0.959
0.959
0.959
1.155
0.9583
0.9558
0.9589
0.9589
0.9589
0.959
0.9604
0.968
0.9577
0.9553
0.9569
0.9573
0.9571
0.9575
0.9821
0.957
0.978
0.9572
0.9564
0.9572
0.9567
0.9572
0.957
0.9571
0.9569
0.9543
0.9571
0.9571
0.9572
0.9551
0.9573
0.9572
0.957
0.9416
0.9141
0.9243
0.9067
0.9023
0.9092
0.9057
0.9062
0.9135
0.9331
0.9946
0.9058
0.9074
0.9094
0.9076
0.9303
0.9078
0.9071
0.9342
0.9115
0.9273
0.9155
0.9071
0.9116
0.9309
0.935
0.91
0.9121
0.9231
0.9247
0.9226
0.913
0.9151
0.916
0.9142
0.9433
0.9358
1.063
0.9107
0.9107
0.9123
0.9288
0.919
0.9134
0.9253
0.9205
0.9281
0.9129
0.9129
0.9138