TEST WITH 1 CORE
STARTING AT mar oct 9 08:53:33 CEST 2018
- Using 1 threads: integral on [5,9] = 27.9993804382295 computed in 1.915s.
- Using 1 threads: integral on [5,9] = 27.9993804382295 computed in 1.915s.
- Using 1 threads: integral on [5,9] = 27.9993804382295 computed in 1.915s.
- Using 1 threads: integral on [5,9] = 27.9993804382295 computed in 1.915s.
- Using 1 threads: integral on [5,9] = 27.9993804382295 computed in 1.915s.
- Using 1 threads: integral on [5,9] = 27.9993804382295 computed in 1.915s.
- Using 1 threads: integral on [5,9] = 27.9993804382295 computed in 1.915s.
- Using 1 threads: integral on [5,9] = 27.9993804382295 computed in 1.957s.
- Using 1 threads: integral on [5,9] = 27.9993804382295 computed in 1.915s.
- Using 1 threads: integral on [5,9] = 27.9993804382295 computed in 1.963s.
- Using 1 threads: integral on [5,9] = 27.9993804382295 computed in 1.915s.
- Using 1 threads: integral on [5,9] = 27.9993804382295 computed in 1.916s.
- Using 1 threads: integral on [5,9] = 27.9993804382295 computed in 1.915s.
- Using 1 threads: integral on [5,9] = 27.9993804382295 computed in 1.911s.
- Using 1 threads: integral on [5,9] = 27.9993804382295 computed in 1.914s.
- Using 1 threads: integral on [5,9] = 27.9993804382295 computed in 1.933s.
- Using 1 threads: integral on [5,9] = 27.9993804382295 computed in 1.914s.
- Using 1 threads: integral on [5,9] = 27.9993804382295 computed in 1.913s.
- Using 1 threads: integral on [5,9] = 27.9993804382295 computed in 1.914s.
- Using 1 threads: integral on [5,9] = 27.9993804382295 computed in 1.914s.
- Using 1 threads: integral on [5,9] = 27.9993804382295 computed in 1.914s.
- Using 1 threads: integral on [5,9] = 27.9993804382295 computed in 1.911s.
- Using 1 threads: integral on [5,9] = 27.9993804382295 computed in 1.914s.
- Using 1 threads: integral on [5,9] = 27.9993804382295 computed in 1.913s.
- Using 1 threads: integral on [5,9] = 27.9993804382295 computed in 1.914s.
- Using 1 threads: integral on [5,9] = 27.9993804382295 computed in 1.872s.
- Using 1 threads: integral on [5,9] = 27.9993804382295 computed in 1.832s.
- Using 1 threads: integral on [5,9] = 27.9993804382295 computed in 1.81s.
- Using 1 threads: integral on [5,9] = 27.9993804382295 computed in 1.892s.
- Using 1 threads: integral on [5,9] = 27.9993804382295 computed in 1.826s.
- Using 1 threads: integral on [5,9] = 27.9993804382295 computed in 1.808s.
- Using 1 threads: integral on [5,9] = 27.9993804382295 computed in 1.813s.
- Using 1 threads: integral on [5,9] = 27.9993804382295 computed in 1.817s.
- Using 1 threads: integral on [5,9] = 27.9993804382295 computed in 1.813s.
- Using 1 threads: integral on [5,9] = 27.9993804382295 computed in 1.815s.
- Using 1 threads: integral on [5,9] = 27.9993804382295 computed in 1.828s.
- Using 1 threads: integral on [5,9] = 27.9993804382295 computed in 1.814s.
- Using 1 threads: integral on [5,9] = 27.9993804382295 computed in 1.834s.
- Using 1 threads: integral on [5,9] = 27.9993804382295 computed in 1.822s.
- Using 1 threads: integral on [5,9] = 27.9993804382295 computed in 1.835s.
- Using 1 threads: integral on [5,9] = 27.9993804382295 computed in 1.831s.
- Using 1 threads: integral on [5,9] = 27.9993804382295 computed in 1.827s.
- Using 1 threads: integral on [5,9] = 27.9993804382295 computed in 1.837s.
- Using 1 threads: integral on [5,9] = 27.9993804382295 computed in 1.87s.
- Using 1 threads: integral on [5,9] = 27.9993804382295 computed in 1.81s.
- Using 1 threads: integral on [5,9] = 27.9993804382295 computed in 1.872s.
- Using 1 threads: integral on [5,9] = 27.9993804382295 computed in 1.849s.
- Using 1 threads: integral on [5,9] = 27.9993804382295 computed in 1.834s.
- Using 1 threads: integral on [5,9] = 27.9993804382295 computed in 1.884s.
- Using 1 threads: integral on [5,9] = 27.9993804382295 computed in 1.825s.
- Using 1 threads: integral on [5,9] = 27.9993804382295 computed in 1.782s.
- Using 1 threads: integral on [5,9] = 27.9993804382295 computed in 1.701s.
- Using 1 threads: integral on [5,9] = 27.9993804382295 computed in 1.682s.
- Using 1 threads: integral on [5,9] = 27.9993804382295 computed in 1.683s.
- Using 1 threads: integral on [5,9] = 27.9993804382295 computed in 1.687s.
- Using 1 threads: integral on [5,9] = 27.9993804382295 computed in 1.686s.
- Using 1 threads: integral on [5,9] = 27.9993804382295 computed in 1.713s.
- Using 1 threads: integral on [5,9] = 27.9993804382295 computed in 1.687s.
- Using 1 threads: integral on [5,9] = 27.9993804382295 computed in 1.683s.
- Using 1 threads: integral on [5,9] = 27.9993804382295 computed in 1.683s.
- Using 1 threads: integral on [5,9] = 27.9993804382295 computed in 1.685s.
- Using 1 threads: integral on [5,9] = 27.9993804382295 computed in 1.682s.
- Using 1 threads: integral on [5,9] = 27.9993804382295 computed in 1.683s.
- Using 1 threads: integral on [5,9] = 27.9993804382295 computed in 1.687s.
- Using 1 threads: integral on [5,9] = 27.9993804382295 computed in 1.683s.
- Using 1 threads: integral on [5,9] = 27.9993804382295 computed in 1.684s.
- Using 1 threads: integral on [5,9] = 27.9993804382295 computed in 1.696s.
- Using 1 threads: integral on [5,9] = 27.9993804382295 computed in 1.683s.
- Using 1 threads: integral on [5,9] = 27.9993804382295 computed in 1.682s.
- Using 1 threads: integral on [5,9] = 27.9993804382295 computed in 1.687s.
- Using 1 threads: integral on [5,9] = 27.9993804382295 computed in 1.682s.
- Using 1 threads: integral on [5,9] = 27.9993804382295 computed in 1.682s.
- Using 1 threads: integral on [5,9] = 27.9993804382295 computed in 1.698s.
- Using 1 threads: integral on [5,9] = 27.9993804382295 computed in 1.711s.
- Using 1 threads: integral on [5,9] = 27.9993804382295 computed in 1.683s.
- Using 1 threads: integral on [5,9] = 27.9993804382295 computed in 1.686s.
- Using 1 threads: integral on [5,9] = 27.9993804382295 computed in 1.683s.
- Using 1 threads: integral on [5,9] = 27.9993804382295 computed in 1.683s.
- Using 1 threads: integral on [5,9] = 27.9993804382295 computed in 1.684s.
- Using 1 threads: integral on [5,9] = 27.9993804382295 computed in 1.683s.
- Using 1 threads: integral on [5,9] = 27.9993804382295 computed in 1.686s.
- Using 1 threads: integral on [5,9] = 27.9993804382295 computed in 1.686s.
- Using 1 threads: integral on [5,9] = 27.9993804382295 computed in 1.683s.
- Using 1 threads: integral on [5,9] = 27.9993804382295 computed in 1.683s.
- Using 1 threads: integral on [5,9] = 27.9993804382295 computed in 1.682s.
- Using 1 threads: integral on [5,9] = 27.9993804382295 computed in 1.683s.
- Using 1 threads: integral on [5,9] = 27.9993804382295 computed in 1.685s.
- Using 1 threads: integral on [5,9] = 27.9993804382295 computed in 1.698s.
- Using 1 threads: integral on [5,9] = 27.9993804382295 computed in 1.682s.
- Using 1 threads: integral on [5,9] = 27.9993804382295 computed in 1.683s.
- Using 1 threads: integral on [5,9] = 27.9993804382295 computed in 1.942s.
- Using 1 threads: integral on [5,9] = 27.9993804382295 computed in 1.688s.
- Using 1 threads: integral on [5,9] = 27.9993804382295 computed in 1.686s.
- Using 1 threads: integral on [5,9] = 27.9993804382295 computed in 1.684s.
- Using 1 threads: integral on [5,9] = 27.9993804382295 computed in 1.683s.
- Using 1 threads: integral on [5,9] = 27.9993804382295 computed in 1.684s.
- Using 1 threads: integral on [5,9] = 27.9993804382295 computed in 1.683s.
- Using 1 threads: integral on [5,9] = 27.9993804382295 computed in 1.682s.
- Using 1 threads: integral on [5,9] = 27.9993804382295 computed in 1.69s.
- Using 1 threads: integral on [5,9] = 27.9993804382295 computed in 1.682s.
FINISHED AT mar oct 9 08:56:32 CEST 2018

moyenne 1.78504
